0 info it worked if it ends with ok
1 verbose cli [ 'C:\\Program Files\\nodejs\\node.exe',
1 verbose cli   'C:\\Program Files\\nodejs\\node_modules\\npm\\bin\\npm-cli.js',
1 verbose cli   'run',
1 verbose cli   'deploy' ]
2 info using npm@3.10.10
3 info using node@v6.10.2
4 verbose run-script [ 'predeploy', 'deploy', 'postdeploy' ]
5 info lifecycle vizsort@0.1.0~predeploy: vizsort@0.1.0
6 verbose lifecycle vizsort@0.1.0~predeploy: unsafe-perm in lifecycle true
7 verbose lifecycle vizsort@0.1.0~predeploy: PATH: C:\Program Files\nodejs\node_modules\npm\bin\node-gyp-bin;C:\Users\pizza\Documents\Github\vizsort\node_modules\.bin;C:\Program Files (x86)\NVIDIA Corporation\PhysX\Common;C:\WINDOWS\system32;C:\WINDOWS;C:\WINDOWS\System32\Wbem;C:\WINDOWS\System32\WindowsPowerShell\v1.0\;C:\Program Files\nodejs\;C:\WINDOWS\System32\OpenSSH\;C:\Program Files\Microsoft VS Code\bin;C:\Program Files\Git\cmd;C:\MinGW\bin;C:\Users\pizza\AppData\Local\Programs\Microsoft VS Code\bin;C:\Users\pizza\AppData\Local\Microsoft\WindowsApps;C:\Users\pizza\AppData\Local\Programs\Microsoft VS Code Insiders\bin;C:\Users\pizza\AppData\Local\GitHubDesktop\bin;%USERPROFILE%\AppData\Local\Microsoft\WindowsApps;
8 verbose lifecycle vizsort@0.1.0~predeploy: CWD: C:\Users\pizza\Documents\Github\vizsort
9 silly lifecycle vizsort@0.1.0~predeploy: Args: [ '/d /s /c', 'npm run build' ]
10 silly lifecycle vizsort@0.1.0~predeploy: Returned: code: 1  signal: null
11 info lifecycle vizsort@0.1.0~predeploy: Failed to exec predeploy script
12 verbose stack Error: vizsort@0.1.0 predeploy: `npm run build`
12 verbose stack Exit status 1
12 verbose stack     at EventEmitter.<anonymous> (C:\Program Files\nodejs\node_modules\npm\lib\utils\lifecycle.js:255:16)
12 verbose stack     at emitTwo (events.js:106:13)
12 verbose stack     at EventEmitter.emit (events.js:191:7)
12 verbose stack     at ChildProcess.<anonymous> (C:\Program Files\nodejs\node_modules\npm\lib\utils\spawn.js:40:14)
12 verbose stack     at emitTwo (events.js:106:13)
12 verbose stack     at ChildProcess.emit (events.js:191:7)
12 verbose stack     at maybeClose (internal/child_process.js:886:16)
12 verbose stack     at Process.ChildProcess._handle.onexit (internal/child_process.js:226:5)
13 verbose pkgid vizsort@0.1.0
14 verbose cwd C:\Users\pizza\Documents\Github\vizsort
15 error Windows_NT 10.0.18363
16 error argv "C:\\Program Files\\nodejs\\node.exe" "C:\\Program Files\\nodejs\\node_modules\\npm\\bin\\npm-cli.js" "run" "deploy"
17 error node v6.10.2
18 error npm  v3.10.10
19 error code ELIFECYCLE
20 error vizsort@0.1.0 predeploy: `npm run build`
20 error Exit status 1
21 error Failed at the vizsort@0.1.0 predeploy script 'npm run build'.
21 error Make sure you have the latest version of node.js and npm installed.
21 error If you do, this is most likely a problem with the vizsort package,
21 error not with npm itself.
21 error Tell the author that this fails on your system:
21 error     npm run build
21 error You can get information on how to open an issue for this project with:
21 error     npm bugs vizsort
21 error Or if that isn't available, you can get their info via:
21 error     npm owner ls vizsort
21 error There is likely additional logging output above.
22 verbose exit [ 1, true ]
